INFO:werkzeug: * Running on http://127.0.0.1:5000/ (Press CTRL+C to quit)
INFO:werkzeug:127.0.0.1 - - [11/Oct/2019 22:37:51] "[37mGET / HTTP/1.1[0m" 200 -
INFO:werkzeug:127.0.0.1 - - [11/Oct/2019 22:38:12] "[37mGET /bm HTTP/1.1[0m" 200 -
INFO:werkzeug:127.0.0.1 - - [11/Oct/2019 22:38:17] "[37mGET /bmresult?word=пароль HTTP/1.1[0m" 200 -
INFO:werkzeug: * Running on http://127.0.0.1:5000/ (Press CTRL+C to quit)
INFO:werkzeug:127.0.0.1 - - [11/Oct/2019 22:42:10] "[37mGET / HTTP/1.1[0m" 200 -
INFO:werkzeug:127.0.0.1 - - [11/Oct/2019 22:42:14] "[37mGET /bm HTTP/1.1[0m" 200 -
INFO:root:история
INFO:root:fg
INFO:root:1. Как я могу получить skype для работы на телефоне android 4 1 1
2. Каковы некоторые советы о том, чтобы сделать это через процесс собеседования на дому в медицинской медицине
3. Как спорт вносит свой вклад в общество
4. Лучший способ попросить деньги в интернете
5. Как следует знать, что он полностью готовится к заключительному экзамену
6. Что вы делаете, хотя зная лучше
7. Как я могу держать нос от душного в ночное время
8. Какая игра престола злодея вам больше всего понравится быть во власти
9. Как определяется средняя скорость молекул газа
10. Какой лучший веб-сайт путешествия
INFO:werkzeug:127.0.0.1 - - [11/Oct/2019 22:42:20] "[37mGET /bmresult?word=история HTTP/1.1[0m" 200 -
INFO:werkzeug: * Running on http://127.0.0.1:5000/ (Press CTRL+C to quit)
INFO:werkzeug:127.0.0.1 - - [11/Oct/2019 22:45:18] "[37mGET / HTTP/1.1[0m" 200 -
INFO:werkzeug:127.0.0.1 - - [11/Oct/2019 22:45:22] "[37mGET /bm HTTP/1.1[0m" 200 -
INFO:root:печать
INFO:root:fg
INFO:root:1. Как я могу получить skype для работы на телефоне android 4 1 1
2. Каковы некоторые советы о том, чтобы сделать это через процесс собеседования на дому в медицинской медицине
3. Как спорт вносит свой вклад в общество
4. Лучший способ попросить деньги в интернете
5. Как следует знать, что он полностью готовится к заключительному экзамену
6. Что вы делаете, хотя зная лучше
7. Как я могу держать нос от душного в ночное время
8. Какая игра престола злодея вам больше всего понравится быть во власти
9. Как определяется средняя скорость молекул газа
10. Какой лучший веб-сайт путешествия
INFO:werkzeug:127.0.0.1 - - [11/Oct/2019 22:45:30] "[37mGET /bmresult?word=печать HTTP/1.1[0m" 200 -
INFO:werkzeug: * Running on http://127.0.0.1:5000/ (Press CTRL+C to quit)
INFO:werkzeug:127.0.0.1 - - [11/Oct/2019 22:52:08] "[37mGET / HTTP/1.1[0m" 200 -
INFO:werkzeug:127.0.0.1 - - [11/Oct/2019 22:52:15] "[37mGET /bm HTTP/1.1[0m" 200 -
INFO:root:for BM25 we GOT:
INFO:root:индия
INFO:root:through BM25 we GAVE:
INFO:root:1. Что произойдет, если правительство индии украдет кохинор кох-и-ноор-алмаз назад
2. Почему индия не применяет модель burma-rohingya для депортации незаконных бангладеш
3. Я хочу сделать туристический видеоролик о путешествиях для индии и новой зеландии, сколько это будет стоить
4. Сколько раз в день перекрывают руки часы
5. Какова структура веб-приложений
6. Как спорт вносит свой вклад в общество
7. Лучший способ попросить деньги в интернете
8. Как следует знать, что он полностью готовится к заключительному экзамену
9. Что вы делаете, хотя зная лучше
10. Как я могу держать нос от душного в ночное время
INFO:werkzeug:127.0.0.1 - - [11/Oct/2019 22:52:19] "[37mGET /bmresult?word=индия HTTP/1.1[0m" 200 -
INFO:werkzeug:127.0.0.1 - - [11/Oct/2019 22:52:22] "[37mGET /fasttext HTTP/1.1[0m" 200 -
INFO:root:for FASTTEXT we GOT:
INFO:root:мобильный
INFO:root:through FASTTEXT we GAVE:
INFO:root:1. Что делает детей активными и далеки от телефонных и видеоигр
2. Что такое номер телефона службы поддержки клиентов quickbooks usa
3. Как я могу получить skype для работы на телефоне android 4 1 1
4. Который является лучшим институтом цифрового маркетинга в пуне
5. Как я узнаю компьютерный язык, например java
6. Где я могу найти американскую базу данных семейного офиса
7. Я не могу вспомнить мой пароль gmail или мой адрес электронной почты для восстановления, как я могу восстановить свой адрес электронной почты
8. Каково общее требование стать менеджером продукта или менеджером программ в компании, основанной на продуктах
9. Что некоторые технические специалисты могут рассказать о долговечности и надежности ноутбуков и их компонентов
10. Как повысить скорость интернета путем взлома через dns
INFO:werkzeug:127.0.0.1 - - [11/Oct/2019 22:52:33] "[37mGET /fasttextresult?word=мобильный HTTP/1.1[0m" 200 -
INFO:werkzeug: * Running on http://127.0.0.1:5000/ (Press CTRL+C to quit)
INFO:werkzeug:127.0.0.1 - - [11/Oct/2019 23:09:55] "[37mGET / HTTP/1.1[0m" 200 -
INFO:werkzeug:127.0.0.1 - - [11/Oct/2019 23:09:56] "[33mGET /favicon.ico HTTP/1.1[0m" 404 -
INFO:werkzeug:127.0.0.1 - - [11/Oct/2019 23:09:58] "[37mGET /bm HTTP/1.1[0m" 200 -
INFO:root:for BM25 we GOT:
INFO:root:время
INFO:root:through BM25 we GAVE:
INFO:root:1. Как я могу держать нос от душного в ночное время
2. Как президентство козыря повлияет на учеников в настоящее время в нас или планирует учиться у нас
3. Который является самым богатым игроком всех времен и как я могу достичь его уровня в качестве игрока
4. Я 19-летний парень, как я могу стать миллиардером в ближайшие 10 лет
5. Как спорт вносит свой вклад в общество
6. Лучший способ попросить деньги в интернете
7. Как следует знать, что он полностью готовится к заключительному экзамену
8. Что вы делаете, хотя зная лучше
9. Какая игра престола злодея вам больше всего понравится быть во власти
10. Как определяется средняя скорость молекул газа
INFO:werkzeug:127.0.0.1 - - [11/Oct/2019 23:10:05] "[37mGET /bmresult?word=время HTTP/1.1[0m" 200 -
INFO:werkzeug:127.0.0.1 - - [11/Oct/2019 23:10:12] "[37mGET /tfidf HTTP/1.1[0m" 200 -
INFO:root:for TF_IDF we GOT:
INFO:root:молекула
INFO:root:through TF_IDF we GAVE:
INFO:root:1. Как определяется средняя скорость молекул газа
2. Как я могу получить skype для работы на телефоне android 4 1 1
3. Каковы некоторые советы о том, чтобы сделать это через процесс собеседования на дому в медицинской медицине
4. Как спорт вносит свой вклад в общество
5. Лучший способ попросить деньги в интернете
6. Как следует знать, что он полностью готовится к заключительному экзамену
7. Что вы делаете, хотя зная лучше
8. Как я могу держать нос от душного в ночное время
9. Какая игра престола злодея вам больше всего понравится быть во власти
10. Какой лучший веб-сайт путешествия
INFO:werkzeug:127.0.0.1 - - [11/Oct/2019 23:10:18] "[37mGET /tfidfresult?word=молекула HTTP/1.1[0m" 200 -
INFO:werkzeug:127.0.0.1 - - [11/Oct/2019 23:10:24] "[37mGET /fasttext HTTP/1.1[0m" 200 -
INFO:root:for FASTTEXT we GOT:
INFO:root:общество
INFO:root:through FASTTEXT we GAVE:
INFO:root:1. Как спорт вносит свой вклад в общество
2. Каковы некоторые советы о том, чтобы сделать это через процесс собеседования на дому в медицинской медицине
3. Каковы законы об изменении вашего статуса от студенческой визы до зеленой карты в нас, как они сравниваются с иммиграционными законами в японии
4. Каково общее требование стать менеджером продукта или менеджером программ в компании, основанной на продуктах
5. Который является самым богатым игроком всех времен и как я могу достичь его уровня в качестве игрока
6. Национальный институт технологии karnataka nitk surathkal: к выпускной части: какие уроки вы хотели бы дать своим юниорам, прежде чем покинуть
7. Который является лучшим институтом цифрового маркетинга в пуне
8. Которые являются известными людьми, которые посещали caltech
9. Каковы некоторые высокооплачиваемые рабочие места для более свежего с технологией m в области биотехнологии
10. Как я готовлюсь к государственной службе
INFO:werkzeug:127.0.0.1 - - [11/Oct/2019 23:10:29] "[37mGET /fasttextresult?word=общество HTTP/1.1[0m" 200 -
INFO:werkzeug:127.0.0.1 - - [11/Oct/2019 23:10:31] "[37mGET /elmo HTTP/1.1[0m" 200 -
INFO:root:for ELMO we GOT:
INFO:root:служба
INFO:root:through ELMO we GAVE:
INFO:root:1. Когда я должен начать подготовку к экзамену гражданской службы
2. Как я готовлюсь к государственной службе
3. Каковы будущие возможности для операций логистики закупок и управления цепочками поставок
4. Как ситуация на работе в новой зеландии для дипломированных выпускников компьютерных наук
5. Что такое номер телефона службы поддержки клиентов quickbooks usa
6. Как может студенческая помощь в исследовании машинного обучения
7. Как улучшить свои навыки обучения
8. Теория графов - хороший курс для машинного обучения
9. Действительно ли повторное сдача предметов в колледже влияет на будущие перспективы работы
10. Обслуживание клиентов: что такое uber номер телефона
INFO:werkzeug:127.0.0.1 - - [11/Oct/2019 23:10:49] "[37mGET /elmoresult?word=служба HTTP/1.1[0m" 200 -
INFO:werkzeug:127.0.0.1 - - [11/Oct/2019 23:11:14] "[37mGET /elmo HTTP/1.1[0m" 200 -
INFO:root:for ELMO we GOT:
INFO:root:небесный
INFO:root:through ELMO we GAVE:
INFO:root:1. Бесконечность вселенной или есть конец вселенной
2. Мы можем сопоставить поверхность и подповерхность планеты с помощью космических лучей или очень высокочастотных гамма-лучей с наземными телескопами
3. Почему оберон наказывает титанию в мечте летнего солнцестояния
4. Какие хорошие лирические песни, чтобы отправить своих лучших друзей
5. Я тройная луна-козерог и восхождение в козероге, что это говорит обо мне
6. Существует ли гравитационная сила во всех планетах
7. Есть ли у нас телескопы, достаточно мощные в наши дни, чтобы увидеть созданные человеком объекты на луне с помощью миссий apollo, доказывающих 100, что люди действительно на самом деле пришли туда
8. Как плод выдыхает в утробе матери
9. Если я вырыл огромную дыру в земле по прямой, что произойдет, когда я доберусь до противоположной стороны земли, сначала моя голова или мои ноги
10. Каковы некоторые песни для сладкого воздушного голоса меццо
INFO:werkzeug:127.0.0.1 - - [11/Oct/2019 23:11:30] "[37mGET /elmoresult?word=небесный HTTP/1.1[0m" 200 -
INFO:werkzeug: * Running on http://127.0.0.1:5000/ (Press CTRL+C to quit)
INFO:werkzeug:127.0.0.1 - - [14/Oct/2019 13:35:14] "[37mGET / HTTP/1.1[0m" 200 -
INFO:werkzeug:127.0.0.1 - - [14/Oct/2019 13:35:15] "[33mGET /favicon.ico HTTP/1.1[0m" 404 -
INFO:werkzeug:127.0.0.1 - - [14/Oct/2019 13:35:18] "[37mGET /tfidf HTTP/1.1[0m" 200 -
INFO:root:for TF_IDF we GOT:
INFO:root:индия
INFO:root:through TF_IDF we GAVE:
INFO:root:1. Что такое 2g-мошенничество в индии?
2. Есть ли квота в индии в индии?
3. Что люди думают об индии
4. Какие лучшие школы в индии
5. Какие страны я могу путешествовать по индии из индии и какая процедура
6. Что всем знать об индии
7. Действительно работает в индии
8. Как я могу попасть в индию
9. Делает запуск в индии
10. Сколько штатов в индии
INFO:werkzeug:127.0.0.1 - - [14/Oct/2019 13:35:23] "[37mGET /tfidfresult?word=индия HTTP/1.1[0m" 200 -
INFO:werkzeug:127.0.0.1 - - [14/Oct/2019 13:35:31] "[37mGET /tfidf HTTP/1.1[0m" 200 -
INFO:root:for TF_IDF we GOT:
INFO:root:школы
INFO:root:through TF_IDF we GAVE:
INFO:root:1. Какие лучшие школы в индии
2. Что вы думаете о школе?
3. Какая лучшая онлайн-школа
4. Какие хорошие идеи о школе
5. Какие советы лучше получить в школе?
6. Я должен вернуться в школу на 50
7. Что это такое, как переход от одной секс-школы к школе совместного обучения
8. Какова лучшая школа барментинга в торонто, каковы требования к посещению этой школы
9. В школе града
10. Как вы можете улучшить среднюю школу?
INFO:werkzeug:127.0.0.1 - - [14/Oct/2019 13:35:35] "[37mGET /tfidfresult?word=школы HTTP/1.1[0m" 200 -
INFO:werkzeug:127.0.0.1 - - [14/Oct/2019 13:35:36] "[37mGET /tfidf HTTP/1.1[0m" 200 -
INFO:root:for TF_IDF we GOT:
INFO:root:школы в индии
INFO:root:through TF_IDF we GAVE:
INFO:root:1. Какие лучшие школы в индии
2. Который является лучшим программным обеспечением для управления школами в индии
3. Что вы думаете о школе?
4. Что такое 2g-мошенничество в индии?
5. Какая лучшая онлайн-школа
6. Какие хорошие идеи о школе
7. Есть ли квота в индии в индии?
8. Какие советы лучше получить в школе?
9. Я должен вернуться в школу на 50
10. Что это такое, как переход от одной секс-школы к школе совместного обучения
INFO:werkzeug:127.0.0.1 - - [14/Oct/2019 13:35:43] "[37mGET /tfidfresult?word=школы+в+индии HTTP/1.1[0m" 200 -
INFO:werkzeug:127.0.0.1 - - [14/Oct/2019 13:35:47] "[37mGET /bm HTTP/1.1[0m" 200 -
INFO:root:for BM25 we GOT:
INFO:root:школы в индии
INFO:root:through BM25 we GAVE:
INFO:root:1. Какие лучшие школы в индии
2. В школе града
3. Какая лучшая онлайн-школа
4. Какие хорошие идеи о школе
5. Что вы думаете о школе?
6. Почему ученики находят скучную школу
7. Каковы лучшие медиа-школы в бангалоре
8. Что такое лучшая начальная школа?
9. 25 лет для школы среднего возраста
10. Я должен вернуться в школу на 50
INFO:werkzeug:127.0.0.1 - - [14/Oct/2019 13:35:53] "[37mGET /bmresult?word=школы+в+индии HTTP/1.1[0m" 200 -
INFO:werkzeug:127.0.0.1 - - [14/Oct/2019 13:35:59] "[37mGET /fasttext HTTP/1.1[0m" 200 -
INFO:root:for FASTTEXT we GOT:
INFO:root:школы в индии
INFO:root:through FASTTEXT we GAVE:
INFO:root:1. Какие лучшие школы в индии
2. Если мы, колледжи и университеты, переместим центр обучения студентов из китая в индию
3. Как меняется школа в 21 веке в германии
4. Какая лучшая кулинарная школа в азии
5. Который является лучшим учебным институтом vlsi в индии
6. В какой стране я должен изучать экологическую науку бакалавров германии или индии, я индийский
7. Я изучаю колледж asutosh в kolkata, могу ли я учиться в любом другом колледже в индии на моем 2-м году
8. Колледжи цифрового маркетинга в индии
9. Колледжи цифрового маркетинга в индии
10. Был британский радж для индии
INFO:werkzeug:127.0.0.1 - - [14/Oct/2019 13:36:04] "[37mGET /fasttextresult?word=школы+в+индии HTTP/1.1[0m" 200 -
INFO:werkzeug:127.0.0.1 - - [14/Oct/2019 13:36:13] "[37mGET /elmo HTTP/1.1[0m" 200 -
INFO:root:for ELMO we GOT:
INFO:root:индия
INFO:root:through ELMO we GAVE:
INFO:root:1. Которые сейчас выиграют обычную войну между ираном и пакистаном
2. Почему существует конфликт между индией и пакистаном на кашмире
3. Будет ли ядерная война между индией и пакистаном
4. Ubermoto юридический в индии
5. Что такое государство в конституции индии
6. Которые были ответственны за крах цивилизации индии
7. Кто победит, если начнется война между индией и пакистаном
8. Как португаль стал независимой страной из испании
9. Может нарэндра modi стать премьер-министром индии в 2019 году
10. Почему индия не применяет модель burma-rohingya для депортации незаконных бангладеш
INFO:werkzeug:127.0.0.1 - - [14/Oct/2019 13:36:33] "[37mGET /elmoresult?word=индия HTTP/1.1[0m" 200 -
INFO:werkzeug:127.0.0.1 - - [14/Oct/2019 13:36:49] "[37mGET / HTTP/1.1[0m" 200 -
INFO:werkzeug:127.0.0.1 - - [14/Oct/2019 13:41:00] "[37mGET /bm HTTP/1.1[0m" 200 -
INFO:root:for BM25 we GOT:
INFO:root:геология
INFO:root:through BM25 we GAVE:
INFO:root:1. Каковы важные темы для изучения геологии итд-джема
2. Геология: сколько времени потребуется, чтобы сердцевина земли остыла
3. Геология: что боксит примерно так же выветрен, как вы можете получить среднее
4. Каковы некоторые интересные области геологии, которые я мог бы сделать дипломной дипломной работы в
5. Где я должен начать, если мы хотим полностью изучить linux и shell-скрипты
6. Действительно ли богатый класс в америке имеет больше гедонистических ценностей, чем средний и средний средний класс
7. Как я могу найти кого-то по их номеру телефона
8. Как я могу быстро похудеть
9. Что такое цифровой маркетинг, и как можно научиться цифровому маркетингу и зарабатывать деньги
10. У которого есть большинство приверженцев кворы
INFO:werkzeug:127.0.0.1 - - [14/Oct/2019 13:41:09] "[37mGET /bmresult?word=геология HTTP/1.1[0m" 200 -
INFO:werkzeug:127.0.0.1 - - [14/Oct/2019 13:41:22] "[37mGET /fasttext HTTP/1.1[0m" 200 -
INFO:root:for FASTTEXT we GOT:
INFO:root:интернет
INFO:root:through FASTTEXT we GAVE:
INFO:root:1. Самый эффективный сайт знакомств в интернете
2. У xbox есть бесплатный интернет
3. Как начать бизнес в интернете
4. Как видеоролики становятся вирусными в интернете
5. Как я могу ускорить подключение к интернету
6. Как создать сайт электронной коммерции
7. Это эквадор, чтобы ограничить доступ к интернету
8. Как я могу обмениваться интернетом на моем wi-fi-подключении ноутбука с помощью мобильного 3g-или 4g-модема
9. Как я могу зарабатывать в интернете с небольшими инвестициями
10. Как я могу взломать motorola dcx3400 для бесплатного интернета
INFO:werkzeug:127.0.0.1 - - [14/Oct/2019 13:41:30] "[37mGET /fasttextresult?word=интернет HTTP/1.1[0m" 200 -
INFO:werkzeug:127.0.0.1 - - [14/Oct/2019 13:41:35] "[37mGET /elmo HTTP/1.1[0m" 200 -
INFO:root:for ELMO we GOT:
INFO:root:спорт
INFO:root:through ELMO we GAVE:
INFO:root:1. Как спорт вносит свой вклад в общество
2. Какие лучшие забитые мячи в футболе
3. Что такое хорошие альпинистские институты для начинающего уровня альпинизма
4. Математика - искусство или наука
5. Возглавляющий в начале турнира, страна которого является фаворитом, чтобы выиграть чемпионат мира по футболу 2014 года, команда которого сильнейшая
6. Лучше тренироваться в интернете, чем заниматься институтами, такими как время и обучение для подготовки кошек
7. Как бы вы оценили федерала надаль джокович муравей wawrinka delpo и cilic с точки зрения величия и потенциального места в истории спорта
8. Яйца и молоко считаются вегетарианскими или не вегетарианскими продуктами питания
9. Какие гарниры хорошо сочетаются с чечевичным супом
10. Который является лучшей лигой лиги чемпионов легенд
INFO:werkzeug:127.0.0.1 - - [14/Oct/2019 13:42:00] "[37mGET /elmoresult?word=спорт HTTP/1.1[0m" 200 -
INFO:werkzeug:127.0.0.1 - - [14/Oct/2019 13:42:06] "[37mGET /tfidf HTTP/1.1[0m" 200 -
INFO:root:for TF_IDF we GOT:
INFO:root:яйца
INFO:root:through TF_IDF we GAVE:
INFO:root:1. Почему яйца в яйцо mcmuffin так хорошо
2. Что лучше: сырое яйцо или вареное яйцо
3. Истекать яйца
4. Вы любите есть сырые яйца
5. Лучший способ сделать яйца скотча
6. Которое млекопитающее откладывает яйца
7. Как мы должны наносить яйцо на ваши волосы
8. Какие яйца скотча и каковы их происхождение
9. Это плохо, чтобы есть яйца каждый день на завтрак
10. Есть еду 8 - 10 яиц в день вызывает угри на лице
INFO:werkzeug:127.0.0.1 - - [14/Oct/2019 13:42:11] "[37mGET /tfidfresult?word=яйца HTTP/1.1[0m" 200 -
INFO:werkzeug:127.0.0.1 - - [14/Oct/2019 17:14:07] "[37mGET /bm HTTP/1.1[0m" 200 -
INFO:root:for BM25 we GOT:
INFO:root:яйцо
INFO:root:through BM25 we GAVE:
INFO:root:1. Истекать яйца
2. Которое млекопитающее откладывает яйца
3. Почему яйца в яйцо mcmuffin так хорошо
4. Что лучше: сырое яйцо или вареное яйцо
5. Вы любите есть сырые яйца
6. Лучший способ сделать яйца скотча
7. Почему яйца вареные и не вареные
8. Какие яйца скотча и каковы их происхождение
9. Для курицы, чтобы отложить яйца, вам нужен петух
10. Как мы должны наносить яйцо на ваши волосы
INFO:werkzeug:127.0.0.1 - - [14/Oct/2019 17:14:13] "[37mGET /bmresult?word=яйцо HTTP/1.1[0m" 200 -
INFO:werkzeug:127.0.0.1 - - [15/Oct/2019 00:33:22] "[37mGET /fasttext HTTP/1.1[0m" 200 -
INFO:root:for FASTTEXT we GOT:
INFO:root:король
INFO:root:through FASTTEXT we GAVE:
INFO:root:1. Принц чарльз стремится сделать королеву королевы, если он станет королем
2. Как победил король дональда
3. Как победил король дональда в президентстве
4. В чем смысл песни белой королевы королевы
5. Будущий король дональда будет хорошим президентом
6. Как королева elizabeth ii связана с королевой elizabeth i
7. Какой цвет волос королевы объединенного королевства
8. Что будет с иностранными студентами в нас, если король дональда станет президентом
9. Если бы умер князь ваджиралонгкорн, который был бы преемником короля bhumibol adulyadej rama ix из таиланда
10. Что бы мелисандр сделал, если бы джон стал королем
INFO:werkzeug:127.0.0.1 - - [15/Oct/2019 00:33:30] "[37mGET /fasttextresult?word=король HTTP/1.1[0m" 200 -
INFO:werkzeug:127.0.0.1 - - [15/Oct/2019 00:33:36] "[37mGET /bm HTTP/1.1[0m" 200 -
INFO:root:for BM25 we GOT:
INFO:root:король
INFO:root:through BM25 we GAVE:
INFO:root:1. Как победил король дональда
2. Как победил король дональда в президентстве
3. Будущий король дональда будет хорошим президентом
4. Который убил мартина лютера короля и почему
5. Который был самым могущественным королем в истории индии, почему
6. Что бы мелисандр сделал, если бы джон стал королем
7. Какая версия библии была на месте перед первым королем джеймсом
8. Принц чарльз стремится сделать королеву королевы, если он станет королем
9. Что будет с иностранными студентами в нас, если король дональда станет президентом
10. Почему у шахматной фигуры короля часто есть крест или знак над ним
INFO:werkzeug:127.0.0.1 - - [15/Oct/2019 00:33:42] "[37mGET /bmresult?word=король HTTP/1.1[0m" 200 -
INFO:werkzeug:127.0.0.1 - - [15/Oct/2019 00:33:45] "[37mGET /tfidf HTTP/1.1[0m" 200 -
INFO:root:for TF_IDF we GOT:
INFO:root:королева
INFO:root:through TF_IDF we GAVE:
INFO:root:1. В чем смысл песни белой королевы королевы
2. Принц чарльз стремится сделать королеву королевы, если он станет королем
3. Как королева elizabeth ii связана с королевой elizabeth i
4. Который является самой влиятельной королевой в истории
5. Какой цвет волос королевы объединенного королевства
6. Что такое малая королева достижений шотландцев
7. Почему королева англии все еще имеет большое значение в новой зеландии
8. Ответила бы королева elizabeth ii, если бы мы написали ей письмо
9. Как королева объединенного королевства выезжает за границу, когда у нее нет паспорта
10. Какой рюкзак использовал королева-оливье, чтобы вырваться из тюрьмы из тюрьмы в шпионский сезон 5 и почему
INFO:werkzeug:127.0.0.1 - - [15/Oct/2019 00:33:53] "[37mGET /tfidfresult?word=королева HTTP/1.1[0m" 200 -
INFO:werkzeug:127.0.0.1 - - [15/Oct/2019 00:33:55] "[37mGET /elmo HTTP/1.1[0m" 200 -
INFO:root:for ELMO we GOT:
INFO:root:королева и король
INFO:root:through ELMO we GAVE:
INFO:root:1. Который является самой влиятельной королевой в истории
2. Что бы мелисандр сделал, если бы джон стал королем
3. Президент - избранный президент donald trump путин троянская лошадь
4. Который является отцом лорда кришны
5. Что американцы думают о объединенном королевстве
6. Как можно было засмеяться, если он был убит императором палпатином
7. Если бы одна женщина была избрана президентом соединенных штатов, у нее была бы первая леди или первый джентльмен
8. Есть ли какие-нибудь книги, написанные о жизни монаха, который был королем, до того, как он убил себя
9. Омегле не так знаменит среди девушек, о которых знают девочки или как омегле
10. Почему замок сделал попытку убить или похитить отрубей в храме
INFO:werkzeug:127.0.0.1 - - [15/Oct/2019 00:34:16] "[37mGET /elmoresult?word=королева+и+король HTTP/1.1[0m" 200 -
INFO:werkzeug: * Running on http://127.0.0.1:5000/ (Press CTRL+C to quit)
INFO:werkzeug:127.0.0.1 - - [15/Oct/2019 23:47:38] "[37mGET / HTTP/1.1[0m" 200 -
INFO:werkzeug:127.0.0.1 - - [15/Oct/2019 23:47:38] "[37mGET / HTTP/1.1[0m" 200 -
INFO:werkzeug:127.0.0.1 - - [15/Oct/2019 23:47:39] "[33mGET /favicon.ico HTTP/1.1[0m" 404 -
INFO:werkzeug:127.0.0.1 - - [15/Oct/2019 23:47:42] "[37mGET /tfidf HTTP/1.1[0m" 200 -
INFO:root:for TF_IDF we GOT:
INFO:root: еда
INFO:root:through TF_IDF we GAVE:
INFO:root:1. Как я ем меньше еды
2. Какая ваша любимая еда и почему
3. Какая ваша любимая китайская еда
4. Какая ваша любимая китайская еда и почему
5. Какие удушающие факты о еде
6. Любите ли вы вьетнамскую еду?
7. Какая разница между едой и жалобой
8. Что такое традиционная британская еда
9. Почему мы пьем воду после еды?
10. Что является самой популярной китайской едой в соединенных штатах
INFO:werkzeug:127.0.0.1 - - [15/Oct/2019 23:47:54] "[37mGET /tfidfresult?word=+еда HTTP/1.1[0m" 200 -
INFO:werkzeug:127.0.0.1 - - [15/Oct/2019 23:48:01] "[37mGET /bm HTTP/1.1[0m" 200 -
INFO:root:for BM25 we GOT:
INFO:root:любимая еда
INFO:root:through BM25 we GAVE:
INFO:root:1. Какая ваша любимая китайская еда
2. Какая ваша любимая еда и почему
3. Какая ваша любимая китайская еда и почему
4. Ваши любимые хобби
5. Каковы ваши любимые любимые персонажи сериалов?
6. Какие удушающие факты о еде
7. Как я ем меньше еды
8. Ваше любимое животное, почему
9. Какая ваша любимая поэма
10. Какой твой любимый фрукт
INFO:werkzeug:127.0.0.1 - - [15/Oct/2019 23:48:13] "[37mGET /bmresult?word=любимая+еда HTTP/1.1[0m" 200 -
INFO:werkzeug:127.0.0.1 - - [15/Oct/2019 23:48:19] "[37mGET /fasttext HTTP/1.1[0m" 200 -
INFO:root:for FASTTEXT we GOT:
INFO:root:еда
INFO:root:through FASTTEXT we GAVE:
INFO:root:1. Когда идеальное время есть фрукты и овощи до или после еды
2. Почему мы пьем воду после еды?
3. Какова концепция питания пищевых продуктов до или после еды
4. Почему у джайна нет еды после захода солнца
5. Жареная пища нездоровая
6. Если я жую и плещу в течение всего дня, единственная полная еда, которую я ем, - это ужин, и я выясняю, почему я не теряю вес
7. Какая ваша любимая еда и почему
8. Всегда есть сахар в американском хлебе
9. Что необычно или различно о еде и кухне в деньгах
10. Почему гамбургеры настолько вкусны в ресторанах быстрого питания
INFO:werkzeug:127.0.0.1 - - [15/Oct/2019 23:48:29] "[37mGET /fasttextresult?word=еда HTTP/1.1[0m" 200 -
INFO:werkzeug:127.0.0.1 - - [15/Oct/2019 23:48:36] "[37mGET /elmo HTTP/1.1[0m" 200 -
INFO:root:for ELMO we GOT:
INFO:root:еда
INFO:root:through ELMO we GAVE:
INFO:root:1. Какие гарниры хорошо сочетаются с чечевичным супом
2. Как 6 соусов мамы, используемых при приготовлении пищи
3. Яйца и молоко считаются вегетарианскими или не вегетарианскими продуктами питания
4. Почему брахманы не едят не вегетарианскую пищу
5. Есть ли люди, которые искренне пользуются салатом без приправы
6. Жареная пища нездоровая
7. Что делает идеальную чашку кофе
8. Как пищевая сода поможет вам пройти тест на наркотики
9. Почему мы должны избегать горячего чая в пластиковой чашке
10. Если я жую и плещу в течение всего дня, единственная полная еда, которую я ем, - это ужин, и я выясняю, почему я не теряю вес
INFO:werkzeug:127.0.0.1 - - [15/Oct/2019 23:48:56] "[37mGET /elmoresult?word=еда HTTP/1.1[0m" 200 -
INFO:werkzeug:127.0.0.1 - - [15/Oct/2019 23:49:03] "[37mGET /fasttext HTTP/1.1[0m" 200 -
INFO:root:for FASTTEXT we GOT:
INFO:root:еда
INFO:root:through FASTTEXT we GAVE:
INFO:root:1. Когда идеальное время есть фрукты и овощи до или после еды
2. Почему мы пьем воду после еды?
3. Какова концепция питания пищевых продуктов до или после еды
4. Почему у джайна нет еды после захода солнца
5. Жареная пища нездоровая
6. Если я жую и плещу в течение всего дня, единственная полная еда, которую я ем, - это ужин, и я выясняю, почему я не теряю вес
7. Какая ваша любимая еда и почему
8. Всегда есть сахар в американском хлебе
9. Что необычно или различно о еде и кухне в деньгах
10. Почему гамбургеры настолько вкусны в ресторанах быстрого питания
INFO:werkzeug:127.0.0.1 - - [15/Oct/2019 23:49:08] "[37mGET /fasttextresult?word=еда HTTP/1.1[0m" 200 -
INFO:werkzeug:127.0.0.1 - - [15/Oct/2019 23:49:19] "[37mGET /bm HTTP/1.1[0m" 200 -
INFO:root:for BM25 we GOT:
INFO:root:моя еда
INFO:root:through BM25 we GAVE:
INFO:root:1. Как я ем меньше еды
2. Какие удушающие факты о еде
3. Что такое традиционная британская еда
4. Какая ваша любимая китайская еда
5. Любите ли вы вьетнамскую еду?
6. Какая разница между едой и жалобой
7. Какая ваша любимая еда и почему
8. Как я могу остановить мою собаку от еды моей мебели
9. Почему мы пьем воду после еды?
10. Тайская еда: какие вкуснейшие блюда таи
INFO:werkzeug:127.0.0.1 - - [15/Oct/2019 23:49:39] "[37mGET /bmresult?word=моя+еда HTTP/1.1[0m" 200 -
INFO:werkzeug:127.0.0.1 - - [15/Oct/2019 23:49:42] "[37mGET /tfidf HTTP/1.1[0m" 200 -
INFO:root:for TF_IDF we GOT:
INFO:root:моя еда
INFO:root:through TF_IDF we GAVE:
INFO:root:1. Как я могу остановить мою собаку от еды моей мебели
2. Как я ем меньше еды
3. Какая ваша любимая еда и почему
4. Как улучшить мои отношения с моей девушкой
5. Какая ваша любимая китайская еда
6. Какая ваша любимая китайская еда и почему
7. Какие удушающие факты о еде
8. Любите ли вы вьетнамскую еду?
9. Что моя карта рождения говорит обо мне и моей карьере
10. Какая разница между едой и жалобой
INFO:werkzeug:127.0.0.1 - - [15/Oct/2019 23:49:53] "[37mGET /tfidfresult?word=моя+еда HTTP/1.1[0m" 200 -
INFO:werkzeug:127.0.0.1 - - [15/Oct/2019 23:49:57] "[37mGET /bm HTTP/1.1[0m" 200 -
INFO:root:for BM25 we GOT:
INFO:root:индия
INFO:root:through BM25 we GAVE:
INFO:root:1. Доступно в индии
2. Выйдет в индию
3. Сколько штатов в индии
4. Что такое 2g-мошенничество в индии?
5. Незаконно демонизация в индии
6. Ubermoto юридический в индии
7. Действительно работает в индии
8. Что особенного в индии
9. Делает запуск в индии
10. Есть ли квота в индии в индии?
INFO:werkzeug:127.0.0.1 - - [15/Oct/2019 23:50:10] "[37mGET /bmresult?word=индия HTTP/1.1[0m" 200 -
INFO:werkzeug:127.0.0.1 - - [15/Oct/2019 23:50:44] "[37mGET /bm HTTP/1.1[0m" 200 -
INFO:root:for BM25 we GOT:
INFO:root:квота
INFO:root:through BM25 we GAVE:
INFO:root:1. Есть ли квота в индии в индии?
2. Могу ли я получить подтвержденный причал для поездок в квоту mco
3. Сколько я должен забить, чтобы получить вход в ucms delhi под 85 квотой в neet 2017 ур
4. Моя обрезание - 199 25 тн, но натура - это махараштра, есть ли у меня шанс получить место для сидения через внешнюю государственную квоту в университете анны
5. Какие хорошие музыкальные театры музыкального театра для баритона тенор
6. Может ли мировая война 3 когда-либо иметь место
7. Что думают мусульмане о свинье
8. Что это такое, как летать первого класса
9. Какова стоимость жизни в европе и нас по сравнению с такими индийскими городами, как ченнай и бангалор
10. Каковы различия между sm yg и jyp-прослушиваниями, другие развлекательные компании также отличаются в своей системе прослушивания
INFO:werkzeug:127.0.0.1 - - [15/Oct/2019 23:50:48] "[37mGET /bmresult?word=квота HTTP/1.1[0m" 200 -
INFO:werkzeug:127.0.0.1 - - [15/Oct/2019 23:50:53] "[37mGET /bm HTTP/1.1[0m" 200 -
INFO:root:for BM25 we GOT:
INFO:root:квота
INFO:root:through BM25 we GAVE:
INFO:root:1. Есть ли квота в индии в индии?
2. Могу ли я получить подтвержденный причал для поездок в квоту mco
3. Сколько я должен забить, чтобы получить вход в ucms delhi под 85 квотой в neet 2017 ур
4. Моя обрезание - 199 25 тн, но натура - это махараштра, есть ли у меня шанс получить место для сидения через внешнюю государственную квоту в университете анны
5. Какие хорошие музыкальные театры музыкального театра для баритона тенор
6. Может ли мировая война 3 когда-либо иметь место
7. Что думают мусульмане о свинье
8. Что это такое, как летать первого класса
9. Какова стоимость жизни в европе и нас по сравнению с такими индийскими городами, как ченнай и бангалор
10. Каковы различия между sm yg и jyp-прослушиваниями, другие развлекательные компании также отличаются в своей системе прослушивания
INFO:werkzeug:127.0.0.1 - - [15/Oct/2019 23:50:57] "[37mGET /bmresult?word=квота HTTP/1.1[0m" 200 -
INFO:werkzeug:127.0.0.1 - - [15/Oct/2019 23:50:58] "[37mGET /tfidf HTTP/1.1[0m" 200 -
INFO:root:for TF_IDF we GOT:
INFO:root:геология
INFO:root:through TF_IDF we GAVE:
INFO:root:1. Как геология связана с наукой об окружающей среде
2. Каковы важные темы для изучения геологии итд-джема
3. Геология: сколько времени потребуется, чтобы сердцевина земли остыла
4. Геология: что боксит примерно так же выветрен, как вы можете получить среднее
5. Каковы некоторые интересные области геологии, которые я мог бы сделать дипломной дипломной работы в
6. Каковы оптимальные коэффициенты для нефинансовых бюджетов распределения маркетинга управления программами управления программами и т. д., что такое ресурс, который может обеспечить лучший обзор этого
7. Безопасно ли для женщины путешествовать в одиночку в японии?
8. Что требуются caltech и рекомендуемые учебники для курсов по органической химии для бакалавриата
9. Насколько хороша ims noida для изучения bca
10. Вы читали 50 оттенков серого, если это так и включало вас
INFO:werkzeug:127.0.0.1 - - [15/Oct/2019 23:51:13] "[37mGET /tfidfresult?word=геология HTTP/1.1[0m" 200 -
INFO:werkzeug:127.0.0.1 - - [15/Oct/2019 23:51:16] "[37mGET /tfidf HTTP/1.1[0m" 200 -
INFO:root:for TF_IDF we GOT:
INFO:root:женщина
INFO:root:through TF_IDF we GAVE:
INFO:root:1. Какие проблемы делают женщины с цветным лицом, которые другие женщины не могут
2. Что женщины думают о сексе
3. Почему женщины обманывают
4. Кто умная женщина
5. Которые являются успешными женщинами
6. Что люди думают о индийских женщинах
7. Когда женщины мастурбируют
8. Почему женщины не могут забеременеть
9. Что секс чувствует, как для женщин
10. Каковы качества, которые женщина должна иметь
INFO:werkzeug:127.0.0.1 - - [15/Oct/2019 23:51:23] "[37mGET /tfidfresult?word=женщина HTTP/1.1[0m" 200 -
INFO:werkzeug:127.0.0.1 - - [15/Oct/2019 23:57:47] "[37mGET /elmo HTTP/1.1[0m" 200 -
INFO:root:for ELMO we GOT:
INFO:root:жизнь
INFO:root:through ELMO we GAVE:
INFO:root:1. Чему научила вас жизнь
2. Какова цель жизни, что на самом деле является жизнью
3. Какова цель жизни
4. Жизнь - мечта или реальность
5. Как мне найти любовь к моей жизни
6. В чем смысл жизни
7. Как я веду значительную жизнь
8. Которые являются лучшими учителями жизни
9. Какие хаки в повседневной жизни
10. Каковы некоторые теории жизни
INFO:werkzeug:127.0.0.1 - - [15/Oct/2019 23:58:08] "[37mGET /elmoresult?word=жизнь HTTP/1.1[0m" 200 -
INFO:werkzeug:127.0.0.1 - - [15/Oct/2019 23:58:10] "[37mGET /tfidf HTTP/1.1[0m" 200 -
INFO:root:for TF_IDF we GOT:
INFO:root:я ничего не понимаю
INFO:root:through TF_IDF we GAVE:
INFO:root:1. Почему я не могу ничего сделать
2. Что женщины не понимают о мужчинах
3. Что я делаю, когда в жизни ничего не происходит
4. Как я зарабатываю деньги на то, чтобы ничего не делать
5. Что вы делаете, когда не хотите ничего делать?
6. Почему 4 ^ - 3 2 ^ - 3 = 8 ^ - 3, а не 8 ^ - 6
7. Почему c + + и не + + c
8. Пылесосное всасываемое пространство считается ничто, что ничто не считается присутствующим, когда ничего не существует или его рассматривали как расширенное пустое пространство
9. Почему ничего не может идти быстрее света
10. Почему ничего не сделано для решения проблемы кашмира
INFO:werkzeug:127.0.0.1 - - [15/Oct/2019 23:58:17] "[37mGET /tfidfresult?word=я+ничего+не+понимаю HTTP/1.1[0m" 200 -
INFO:werkzeug:127.0.0.1 - - [15/Oct/2019 23:58:20] "[37mGET /bm HTTP/1.1[0m" 200 -
INFO:root:for BM25 we GOT:
INFO:root:я не могу ничего сделать
INFO:root:through BM25 we GAVE:
INFO:root:1. Почему я не могу ничего сделать
2. Почему ничего не сделано для решения проблемы кашмира
3. Почему ничего не может идти быстрее света
4. Что произойдет, если lstms ничего не забудет
5. Почему индийское правительство ничего не делает о нищих
6. Почему я не могу сделать домашнее задание
7. Как я начинаю бизнес из ничего
8. Что я делаю, когда в жизни ничего не происходит
9. Что-нибудь можно сделать о некомпетентном учителе, когда директор ничего не сделает с этим
10. Что может сделать инженер-механик
INFO:werkzeug:127.0.0.1 - - [15/Oct/2019 23:58:35] "[37mGET /bmresult?word=я+не+могу+ничего+сделать HTTP/1.1[0m" 200 -
INFO:werkzeug:127.0.0.1 - - [15/Oct/2019 23:58:38] "[37mGET /fasttext HTTP/1.1[0m" 200 -
INFO:root:for FASTTEXT we GOT:
INFO:root:я ничего не умею
INFO:root:through FASTTEXT we GAVE:
INFO:root:1. Что ты умеешь, о чем никто сейчас не заботится
2. Смысл цитаты, потому что я не хочу, чтобы ни один рейв от того, что я чувствую, вы можете быть настолько мелким, чтобы мечтать, что я ничего не чувствую
3. Что может заставить меня не сердиться
4. Что произойдет, если lstms ничего не забудет
5. Как я зарабатываю деньги на то, чтобы ничего не делать
6. Я чувствую, что нужно сказать родителям, что у меня никогда не было подружки, если я
7. Как вы доказываете, что ничто не может идти быстрее, чем свет
8. Что я делаю, когда в жизни ничего не происходит
9. Почему дарт вейдер говорит, что obi-wan научил вас хорошо, когда он должен знать, что obi wan мертв и не мог обучить luke, если бы он не сказал, что йода вас хорошо научил
10. Моя свекровь не интересует моих детей и никогда не пыталась их узнать, но посылает мне жестокие письма, почему я ничего не сделал с ней
INFO:werkzeug:127.0.0.1 - - [15/Oct/2019 23:58:47] "[37mGET /fasttextresult?word=я+ничего+не+умею HTTP/1.1[0m" 200 -
INFO:werkzeug: * Running on http://127.0.0.1:5000/ (Press CTRL+C to quit)
INFO:werkzeug:127.0.0.1 - - [16/Oct/2019 08:58:07] "[37mGET / HTTP/1.1[0m" 200 -
INFO:werkzeug:127.0.0.1 - - [16/Oct/2019 08:58:08] "[33mGET /favicon.ico HTTP/1.1[0m" 404 -
INFO:werkzeug:127.0.0.1 - - [16/Oct/2019 08:58:10] "[37mGET /tfidf HTTP/1.1[0m" 200 -
INFO:root:for TF_IDF we GOT:
INFO:root:правительство индии
INFO:root:through TF_IDF we GAVE:
INFO:root:1. Как работает правительство индии
2. Почему правительство индии запрещает все
3. Какая разница между парламентом и правительством индии
4. Что такое 2g-мошенничество в индии?
5. Каковы преимущества решения правительства индии о вывозе 500 и 1000 рупий
6. Есть ли у правительства какая-либо схема для нищих в индии
7. Есть ли квота в индии в индии?
8. Правительство индии нуждается в реформировании системы резервирования
9. Что является основанием для введения в обращение рупии 2000 года правительством индии
10. Каковы ваши взгляды на легитимизацию 500 рупий и 1000 р. записку правительства индии
INFO:werkzeug:127.0.0.1 - - [16/Oct/2019 08:58:20] "[37mGET /tfidfresult?word=правительство+индии HTTP/1.1[0m" 200 -
INFO:werkzeug:127.0.0.1 - - [16/Oct/2019 08:58:29] "[37mGET /tfidf HTTP/1.1[0m" 200 -
INFO:root:for TF_IDF we GOT:
INFO:root:правительство индии
INFO:root:through TF_IDF we GAVE:
INFO:root:1. Как работает правительство индии
2. Почему правительство индии запрещает все
3. Какая разница между парламентом и правительством индии
4. Что такое 2g-мошенничество в индии?
5. Каковы преимущества решения правительства индии о вывозе 500 и 1000 рупий
6. Есть ли у правительства какая-либо схема для нищих в индии
7. Есть ли квота в индии в индии?
8. Правительство индии нуждается в реформировании системы резервирования
9. Что является основанием для введения в обращение рупии 2000 года правительством индии
10. Каковы ваши взгляды на легитимизацию 500 рупий и 1000 р. записку правительства индии
INFO:werkzeug:127.0.0.1 - - [16/Oct/2019 08:58:33] "[37mGET /tfidfresult?word=правительство+индии HTTP/1.1[0m" 200 -
INFO:werkzeug:127.0.0.1 - - [16/Oct/2019 08:58:35] "[37mGET /bm HTTP/1.1[0m" 200 -
INFO:root:for BM25 we GOT:
INFO:root:правительство индии
INFO:root:through BM25 we GAVE:
INFO:root:1. Как работает правительство индии
2. Почему правительство индии запрещает все
3. Правительство индии нуждается в реформировании системы резервирования
4. Какая разница между парламентом и правительством индии
5. Каковы характеристики тоталитарного правительства
6. Не принял одобрение правительства
7. Каковы преимущества решения правительства индии о вывозе 500 и 1000 рупий
8. Выйдет в индию
9. Почему сми против правительства modi
10. Как правительство может сократить бедность
INFO:werkzeug:127.0.0.1 - - [16/Oct/2019 08:58:42] "[37mGET /bmresult?word=правительство+индии HTTP/1.1[0m" 200 -
INFO:werkzeug:127.0.0.1 - - [16/Oct/2019 08:58:46] "[37mGET /fasttext HTTP/1.1[0m" 200 -
INFO:root:for FASTTEXT we GOT:
INFO:root:правительство индии
INFO:root:through FASTTEXT we GAVE:
INFO:root:1. Как работает правительство индии
2. Почему правительство индии запрещает все
3. Каковы преимущества решения правительства индии о вывозе 500 и 1000 рупий
4. Какая разница между парламентом и правительством индии
5. Может нарэндра modi стать премьер-министром индии в 2019 году
6. Если произойдет ядерная война между индией и пакистаном, россия поддержит индию или будет действовать как нейтральное государство
7. Это решение правительства индии запретить 500 и 1000 рупий отмечает мастер-ход или ошибочный план
8. Что, если индия и китай урегулируют свои споры и объединиться
9. Почему китай ненавидит индию
10. Почему мусульманские правители индии не инвестировали в создание университетов на субконтиненте
INFO:werkzeug:127.0.0.1 - - [16/Oct/2019 08:58:51] "[37mGET /fasttextresult?word=правительство+индии HTTP/1.1[0m" 200 -
INFO:werkzeug:127.0.0.1 - - [16/Oct/2019 08:58:55] "[37mGET /elmo HTTP/1.1[0m" 200 -
INFO:root:for ELMO we GOT:
INFO:root:университеты 
INFO:root:through ELMO we GAVE:
INFO:root:1. Которые являются лучшими университетами германии для получения степени в области машиностроения
2. Курсы гарвардского колледжа: что такое общий совет по шопингу для уроков тамила
3. Какие университеты в нас предлагают более технический контент в учебной программе управленческих информационных систем
4. Почему minerva преуспеет, когда многие другие некоммерческие университеты были плохими инвестициями
5. Я изучаю колледж asutosh в kolkata, могу ли я учиться в любом другом колледже в индии на моем 2-м году
6. Курсы гарвардского колледжа: что такое общий совет по шоппингу для классов scrb
7. В канаде, что является лучшим университетом для входа в нашу инвестиционно-банковскую компанию
8. Каково это быть новичком в университете ватерлоо
9. Каковы самые сильные майоры с точки зрения перспектив работы и каковы самые слабые специальности в восточном университете
10. Почему многие инженеры-выпускники высших учебных заведений, такие как iits nits, преследуют mba сразу после окончания школы
INFO:werkzeug:127.0.0.1 - - [16/Oct/2019 08:59:14] "[37mGET /elmoresult?word=университеты+ HTTP/1.1[0m" 200 -
INFO:werkzeug:127.0.0.1 - - [16/Oct/2019 08:59:26] "[37mGET /bm HTTP/1.1[0m" 200 -
INFO:root:for BM25 we GOT:
INFO:root:германия университеты
INFO:root:through BM25 we GAVE:
INFO:root:1. Каковы лучшие льготы в университете в германии как американские
2. Как стать политиком в германии
3. Почему бавария присоединилась к германии
4. Высшее образование бесплатно в германии
5. Какие хорошие университеты в германии для магистров по информатике
6. Что, если германия выиграла wwii
7. Как я могу поместиться в германии
8. Каковы лучшие университеты франции?
9. Университет действительно стоит того
10. Что такое университет виктории?
INFO:werkzeug:127.0.0.1 - - [16/Oct/2019 08:59:33] "[37mGET /bmresult?word=германия+университеты HTTP/1.1[0m" 200 -
INFO:werkzeug:127.0.0.1 - - [16/Oct/2019 08:59:36] "[37mGET / HTTP/1.1[0m" 200 -
INFO:werkzeug:127.0.0.1 - - [16/Oct/2019 08:59:38] "[37mGET /fasttext HTTP/1.1[0m" 200 -
INFO:root:for FASTTEXT we GOT:
INFO:root:
INFO:root:through FASTTEXT we GAVE:
INFO:root:1. Что произойдет, если правительство индии украдет кохинор кох-и-ноор-алмаз назад
2. Как повысить скорость интернета путем взлома через dns
3. Найти остаток, когда математика 23 ^ 24 математика разделена на 24 23
4. Какая рыба выживет в соленой воде
5. Я тройная луна-козерог и восхождение в козероге, что это говорит обо мне
6. Что делает детей активными и далеки от телефонных и видеоигр
7. Что я должен делать, чтобы быть великим геологом?
8. Когда вы используете вместо
9. Как я могу взломать motorola dcx3400 для бесплатного интернета
10. Что некоторые технические специалисты могут рассказать о долговечности и надежности ноутбуков и их компонентов
INFO:werkzeug:127.0.0.1 - - [16/Oct/2019 08:59:41] "[37mGET /fasttextresult?word= HTTP/1.1[0m" 200 -
INFO:werkzeug:127.0.0.1 - - [16/Oct/2019 10:31:52] "[37mGET /tfidf HTTP/1.1[0m" 200 -
INFO:root:for TF_IDF we GOT:
INFO:root:наука
INFO:root:through TF_IDF we GAVE:
INFO:root:1. Каковы хорошие университеты в области науки о науках
2. Какова цель науки?
3. Что такое наука о данных
4. Какое лучшее определение науки
5. Как я начинаю в науке о данных
6. Какие технические навыки наиболее востребованы в науках о науке о жизни, которые хотят работать в промышленности
7. Какова разница между искусством и наукой
8. Математика - искусство или наука
9. Я должен верить в науку или религию
10. Каково истинное определение науки
INFO:werkzeug:127.0.0.1 - - [16/Oct/2019 10:32:05] "[37mGET /tfidfresult?word=наука HTTP/1.1[0m" 200 -
INFO:werkzeug:127.0.0.1 - - [16/Oct/2019 10:32:09] "[37mGET /bm HTTP/1.1[0m" 200 -
INFO:root:for BM25 we GOT:
INFO:root:наук
INFO:root:through BM25 we GAVE:
INFO:root:1. Какова цель науки?
2. Математика - искусство или наука
3. Какова наука гипнотического оргазма
4. Почему аюрведа лишена науки
5. Каково истинное определение науки
6. Какое лучшее определение науки
7. Каковы хорошие университеты в области науки о науках
8. Насколько правдоподобна наука в марсианской
9. Что такое наука о данных
10. Наука способна опровергнуть существование бога
INFO:werkzeug:127.0.0.1 - - [16/Oct/2019 10:32:14] "[37mGET /bmresult?word=наук HTTP/1.1[0m" 200 -
INFO:werkzeug:127.0.0.1 - - [16/Oct/2019 10:32:18] "[37mGET /fasttext HTTP/1.1[0m" 200 -
INFO:root:for FASTTEXT we GOT:
INFO:root:организм
INFO:root:through FASTTEXT we GAVE:
INFO:root:1. Как болезнь влияет на организм в организме
2. Каковы различные типы иммунитета в нашем организме
3. Какова функция капсулы бактериальных клеток
4. Каким образом микроорганизмы полезны
5. Каковы функции ядра в растительной клетке
6. Какова функция центросом в растительных клетках
7. Какова разница между электронами в митохондриях клетки животных и митохондрий в растительной клетке при добавлении цианида
8. Помочь пищеварительным ферментам
9. Каковы связанные с веществом и привыкание расстройства
10. Как типы структуры нервных клеток
INFO:werkzeug:127.0.0.1 - - [16/Oct/2019 10:32:24] "[37mGET /fasttextresult?word=организм HTTP/1.1[0m" 200 -
INFO:werkzeug:127.0.0.1 - - [16/Oct/2019 11:07:54] "[37mGET / HTTP/1.1[0m" 200 -
INFO:werkzeug:127.0.0.1 - - [16/Oct/2019 11:08:35] "[37mGET /tfidf HTTP/1.1[0m" 200 -
INFO:root:for TF_IDF we GOT:
INFO:root:запрос
INFO:root:through TF_IDF we GAVE:
INFO:root:1. Какие запросы сообщений на facebook
2. Как я пишу письмо с запросом
3. Как вы отправляете запрос друга на instagram
4. Есть ли хром-аддоны, которые позволяют изменять заголовки http-запроса и / или параметры запроса
5. Что может быть подходящим первым вопросом для запроса в quora
6. Я отправил следующий запрос кому-то на instagram, почему он не одобрил запрос так долго, я знаю, что человек отправляет фотографии на instagram на основании его возрастающего количества сообщений, так как он не получает мой запрос или он игнорирует мою просьбу
7. Сколько запросов требуется, чтобы заставить кого-то поговорить
8. Как человек может отправить запрос другу, если у них нет общих друзей
9. Как я вежливо отклоняю запрос интервью от рекрутера
10. Какие параметры определяют, сколько запросов сервер может обрабатывать
INFO:werkzeug:127.0.0.1 - - [16/Oct/2019 11:08:45] "[37mGET /tfidfresult?word=запрос HTTP/1.1[0m" 200 -
INFO:werkzeug:127.0.0.1 - - [16/Oct/2019 11:08:47] "[37mGET / HTTP/1.1[0m" 200 -
INFO:werkzeug:127.0.0.1 - - [16/Oct/2019 11:11:48] "[37mGET /tfidf HTTP/1.1[0m" 200 -
INFO:root:for TF_IDF we GOT:
INFO:root:в чем смысл жизни
INFO:root:through TF_IDF we GAVE:
INFO:root:1. В чем смысл жизни
2. В чем смысл жизни
3. В чем смысл жизни
4. В чем смысл этой жизни
5. В чем смысл и цель жизни?
6. В чем смысл жизни только в одном слове
7. Какой смысл этой жизни
8. Какой смысл этой жизни
9. В чем смысл значения
10. В чем смысл значения
INFO:werkzeug:127.0.0.1 - - [16/Oct/2019 11:12:07] "[37mGET /tfidfresult?word=в+чем+смысл+жизни HTTP/1.1[0m" 200 -
INFO:werkzeug:127.0.0.1 - - [16/Oct/2019 11:12:15] "[37mGET /bm HTTP/1.1[0m" 200 -
INFO:root:for BM25 we GOT:
INFO:root:в чем смысл жизни
INFO:root:through BM25 we GAVE:
INFO:root:1. В чем смысл жизни
2. В чем смысл жизни
3. В чем смысл жизни
4. В чем смысл этой жизни
5. В чем смысл и цель жизни?
6. В чем смысл цифрового
7. В чем смысл любви
8. В чем смысл значения
9. В чем смысл молчания
10. В чем смысл будущего
INFO:werkzeug:127.0.0.1 - - [16/Oct/2019 11:12:28] "[37mGET /bmresult?word=в+чем+смысл+жизни HTTP/1.1[0m" 200 -
INFO:root:for BM25 we GOT:
INFO:root:в чем смысл жизни
INFO:root:through BM25 we GAVE:
INFO:root:1. В чем смысл жизни
2. В чем смысл жизни
3. В чем смысл жизни
4. В чем смысл этой жизни
5. В чем смысл и цель жизни?
6. В чем смысл цифрового
7. В чем смысл любви
8. В чем смысл значения
9. В чем смысл молчания
10. В чем смысл будущего
INFO:werkzeug:127.0.0.1 - - [16/Oct/2019 11:12:29] "[37mGET /bmresult?word=в+чем+смысл+жизни HTTP/1.1[0m" 200 -
INFO:root:for BM25 we GOT:
INFO:root:в чем смысл жизни
INFO:root:through BM25 we GAVE:
INFO:root:1. В чем смысл жизни
2. В чем смысл жизни
3. В чем смысл жизни
4. В чем смысл этой жизни
5. В чем смысл и цель жизни?
6. В чем смысл цифрового
7. В чем смысл любви
8. В чем смысл значения
9. В чем смысл молчания
10. В чем смысл будущего
INFO:werkzeug:127.0.0.1 - - [16/Oct/2019 11:12:29] "[37mGET /bmresult?word=в+чем+смысл+жизни HTTP/1.1[0m" 200 -
INFO:werkzeug:127.0.0.1 - - [16/Oct/2019 11:12:35] "[37mGET /fasttext HTTP/1.1[0m" 200 -
INFO:root:for FASTTEXT we GOT:
INFO:root:в чем смысл жизни
INFO:root:through FASTTEXT we GAVE:
INFO:root:1. В чем смысл жизни
2. В чем смысл жизни
3. В чем смысл и цель жизни?
4. В чем смысл жизни только в одном слове
5. В чем смысл будущего
6. В чем смысл слова урду ehteraam
7. В чем смысл слова marathi thamba
8. В чем смысл слова маратхи
9. В чем смысл маратхи слова палхи
10. В чем смысл параграфа 2 и gravida 3
INFO:werkzeug:127.0.0.1 - - [16/Oct/2019 11:12:41] "[37mGET /fasttextresult?word=в+чем+смысл+жизни HTTP/1.1[0m" 200 -
INFO:werkzeug:127.0.0.1 - - [16/Oct/2019 11:12:44] "[37mGET /elmo HTTP/1.1[0m" 200 -
INFO:root:for ELMO we GOT:
INFO:root:в чем смысл жизни
INFO:root:through ELMO we GAVE:
INFO:root:1. В чем смысл жизни
2. В чем смысл будущего
3. Какова цель жизни, что на самом деле является жизнью
4. Каков точный смысл жизни
5. В чем разница между любовью и жалостью
6. Что самое лучшее, что мы узнали из нашей жизни
7. Что самое первое, что вы помните в своей жизни
8. Как я отказываюсь выбирать между разными вещами в моей жизни
9. В чем смысл и использование приветствия
10. Что вы чувствуете, является целью жизни
INFO:werkzeug:127.0.0.1 - - [16/Oct/2019 11:13:06] "[37mGET /elmoresult?word=в+чем+смысл+жизни HTTP/1.1[0m" 200 -
INFO:werkzeug:127.0.0.1 - - [16/Oct/2019 11:13:26] "[37mGET /tfidf HTTP/1.1[0m" 200 -
INFO:root:for TF_IDF we GOT:
INFO:root:рождество
INFO:root:through TF_IDF we GAVE:
INFO:root:1. Лучший подарок для рождества
2. Почему вы празднуете рождество
3. Какие страны не празднуют рождество
4. Почему атеисты празднуют рождество
5. Что я могу подарить моему парню на рождество
6. Атеисты называют рождество чем-то другим
7. Почему бы нам не поют звон колоколов после рождества
8. Что мусульмане думают о рождестве, есть ли мусульмане, которые его празднуют
9. Вы будете раздражены, когда кто-то скажет вам счастливый праздник, а не веселое рождество для вас
10. Что это значит работать в шахте
INFO:werkzeug:127.0.0.1 - - [16/Oct/2019 11:13:39] "[37mGET /tfidfresult?word=рождество HTTP/1.1[0m" 200 -
INFO:werkzeug:127.0.0.1 - - [16/Oct/2019 11:13:43] "[37mGET /elmo HTTP/1.1[0m" 200 -
INFO:werkzeug:127.0.0.1 - - [16/Oct/2019 11:14:04] "[37mGET /elmo HTTP/1.1[0m" 200 -
INFO:root:for ELMO we GOT:
INFO:root:рождество
INFO:root:through ELMO we GAVE:
INFO:root:1. Почему оберон наказывает титанию в мечте летнего солнцестояния
2. Когда началась благодарность, когда она была создана как национальный праздник в соединенных штатах, другие страны признают благодарение
3. Что за черным лебедем в лебедином озере
4. Какая твоя любимая сцена сцене в фильме о чуде?
5. Почему тивин спит с шэ в шторме мечей
6. Каким образом можно смотреть комедийные ночи с капилом на концертах
7. Насколько важно быть первым, кто пожелает кому-то счастливого дня рождения
8. Во время дождя, что я должен делать для предосторожностей наводнения
9. Почему замок сделал попытку убить или похитить отрубей в храме
10. Который является лучшим местом для празднования нового 2015 года в гидерабаде
INFO:werkzeug:127.0.0.1 - - [16/Oct/2019 11:14:24] "[37mGET /elmoresult?word=рождество HTTP/1.1[0m" 200 -
INFO:werkzeug:127.0.0.1 - - [16/Oct/2019 11:14:53] "[37mGET /elmo HTTP/1.1[0m" 200 -
INFO:root:for ELMO we GOT:
INFO:root:балет лебединое озеро
INFO:root:through ELMO we GAVE:
INFO:root:1. Что за черным лебедем в лебедином озере
2. Откуда берется вода из великих озер и как эти дикие животные озера сравниваются с озером como
3. Какая твоя любимая сцена сцене в фильме о чуде?
4. Какие права оперного хора мы получаем за репетиции, мы имеем право на питание на всех репетициях и т. д. часть оперной компании
5. Каковы некоторые песни для сладкого воздушного голоса меццо
6. Какие хорошие лирические песни, чтобы отправить своих лучших друзей
7. Какие лучшие романтические фильмы комедии
8. Какие музыкальные песни с высоким звуком
9. Которые являются лучшими английскими песнями с быстрой музыкой
10. Каким образом можно смотреть комедийные ночи с капилом на концертах
INFO:werkzeug:127.0.0.1 - - [16/Oct/2019 11:15:13] "[37mGET /elmoresult?word=балет+лебединое+озеро HTTP/1.1[0m" 200 -
INFO:root:for ELMO we GOT:
INFO:root:балет лебединое озеро
INFO:root:through ELMO we GAVE:
INFO:root:1. Что за черным лебедем в лебедином озере
2. Откуда берется вода из великих озер и как эти дикие животные озера сравниваются с озером como
3. Какая твоя любимая сцена сцене в фильме о чуде?
4. Какие права оперного хора мы получаем за репетиции, мы имеем право на питание на всех репетициях и т. д. часть оперной компании
5. Каковы некоторые песни для сладкого воздушного голоса меццо
6. Какие хорошие лирические песни, чтобы отправить своих лучших друзей
7. Какие лучшие романтические фильмы комедии
8. Какие музыкальные песни с высоким звуком
9. Которые являются лучшими английскими песнями с быстрой музыкой
10. Каким образом можно смотреть комедийные ночи с капилом на концертах
INFO:werkzeug:127.0.0.1 - - [16/Oct/2019 11:15:22] "[37mGET /elmoresult?word=балет+лебединое+озеро HTTP/1.1[0m" 200 -
INFO:werkzeug:127.0.0.1 - - [16/Oct/2019 11:15:41] "[37mGET /tfidf HTTP/1.1[0m" 200 -
INFO:root:for TF_IDF we GOT:
INFO:root:балет лебединое озеро
INFO:root:through TF_IDF we GAVE:
INFO:root:1. Что за черным лебедем в лебедином озере
2. Что является самым глубоким озером в европе и как эта флора и фауна озера сравнивается с таковой озера одинга
3. Что является самым глубоким озером в европе и как эта флора и фауна озера сравнивается с этой озером эдвард
4. Как я могу найти воду в сухом озере
5. Откуда берется вода из великих озер и как эти дикие животные озера сравниваются с озером como
6. Великие озера имеют приливы
7. Как я могу рассчитать коэффициент износа дисплея с озером
8. Откуда берется вода из великих озер и как эти дикие животные озер сравниваются с озером ванем
9. Почему берн-песчаники взяли взятку из холдинга-клинтона, чтобы спокойно уйти в сторону, что было хорошим озером, который он купил за деньги, которые он получил
10. Что это значит работать в шахте
INFO:werkzeug:127.0.0.1 - - [16/Oct/2019 11:15:48] "[37mGET /tfidfresult?word=балет+лебединое+озеро HTTP/1.1[0m" 200 -
INFO:werkzeug:127.0.0.1 - - [16/Oct/2019 11:15:57] "[37mGET /fasttext HTTP/1.1[0m" 200 -
INFO:root:for FASTTEXT we GOT:
INFO:root:балет лебединое озеро
INFO:root:through FASTTEXT we GAVE:
INFO:root:1. Что за черным лебедем в лебедином озере
2. Что является самым глубоким озером в европе и как эта флора и фауна озера сравнивается с этой озером эдвард
3. Откуда берется вода из великих озер и как эти дикие животные озера сравниваются с озером como
4. Откуда берется вода из великих озер и как эти дикие животные озер сравниваются с озером ванем
5. Это речной стикс или речные палочки
6. Команда экипажа строит лодку со скоростью 20 км / ч в неподвижной воде на практике на реке команда рядами на 30 минут вверх по реке, а затем в течение 30 минут вниз по реке скорость речного стока составляет 1 5 км. гораздо дальше они путешествовали в течение 2-х 30 минут
7. Какие хорошие рестораны в долине кремния
8. Как туристские достопримечательности на скандинавском нагорье сравниваются с достопримечательностями нидерландов
9. Как туристские достопримечательности на скандинавском нагорье сравниваются с достопримечательностями польши
10. Какие песни хинди я могу петь на сцене без какой-либо фоновой музыки, и это звучит неплохо
INFO:werkzeug:127.0.0.1 - - [16/Oct/2019 11:16:04] "[37mGET /fasttextresult?word=балет+лебединое+озеро HTTP/1.1[0m" 200 -
INFO:werkzeug: * Running on http://127.0.0.1:5000/ (Press CTRL+C to quit)
INFO:werkzeug:127.0.0.1 - - [16/Oct/2019 12:04:58] "[37mGET / HTTP/1.1[0m" 200 -
INFO:werkzeug:127.0.0.1 - - [16/Oct/2019 12:05:02] "[37mGET /bm HTTP/1.1[0m" 200 -
INFO:root:for BM25 we GOT:
INFO:root:индия
INFO:root:through BM25 we GAVE:
INFO:root:1. Выйдет в индию
2. Действительно работает в индии
3. Делает запуск в индии
4. Ubermoto юридический в индии
5. Незаконно демонизация в индии
6. Что такое 2g-мошенничество в индии?
7. Сколько штатов в индии
8. Есть ли квота в индии в индии?
9. Секс в автомобиле в индии
10. Как можно модифицировать индию
INFO:werkzeug:127.0.0.1 - - [16/Oct/2019 12:05:09] "[37mGET /bmresult?word=индия HTTP/1.1[0m" 200 -
INFO:werkzeug:127.0.0.1 - - [16/Oct/2019 12:05:14] "[37mGET /tfidf HTTP/1.1[0m" 200 -
INFO:root:for TF_IDF we GOT:
INFO:root:запуск
INFO:root:through TF_IDF we GAVE:
INFO:root:1. Делает запуск в индии
2. Я должен начать свой запуск
3. Какие лучшие идеи для запуска в индии
4. Как я могу получить инвесторов для запуска
5. Что подразумевается при запуске
6. Какие способы получить инвестиции для запуска
7. Как отличается проект от запуска
8. Каковы наилучшие способы думать о идеях для запуска
9. Как мне найти инвесторов для моего запуска?
10. Сколько стоит запуск веб-сайта
INFO:werkzeug:127.0.0.1 - - [16/Oct/2019 12:05:23] "[37mGET /tfidfresult?word=запуск HTTP/1.1[0m" 200 -
INFO:werkzeug:127.0.0.1 - - [16/Oct/2019 12:05:25] "[37mGET /fasttext HTTP/1.1[0m" 200 -
INFO:root:for FASTTEXT we GOT:
INFO:root:запись
INFO:werkzeug:127.0.0.1 - - [16/Oct/2019 12:05:29] "[1m[35mGET /fasttextresult?word=запись HTTP/1.1[0m" 500 -
INFO:werkzeug:127.0.0.1 - - [16/Oct/2019 12:05:29] "[37mGET /fasttextresult?__debugger__=yes&cmd=resource&f=style.css HTTP/1.1[0m" 200 -
INFO:werkzeug:127.0.0.1 - - [16/Oct/2019 12:05:29] "[37mGET /fasttextresult?__debugger__=yes&cmd=resource&f=jquery.js HTTP/1.1[0m" 200 -
INFO:werkzeug:127.0.0.1 - - [16/Oct/2019 12:05:29] "[37mGET /fasttextresult?__debugger__=yes&cmd=resource&f=debugger.js HTTP/1.1[0m" 200 -
INFO:werkzeug:127.0.0.1 - - [16/Oct/2019 12:05:30] "[37mGET /fasttextresult?__debugger__=yes&cmd=resource&f=ubuntu.ttf HTTP/1.1[0m" 200 -
INFO:werkzeug:127.0.0.1 - - [16/Oct/2019 12:05:30] "[37mGET /fasttextresult?__debugger__=yes&cmd=resource&f=console.png HTTP/1.1[0m" 200 -
INFO:werkzeug:127.0.0.1 - - [16/Oct/2019 12:05:30] "[37mGET /fasttextresult?__debugger__=yes&cmd=resource&f=console.png HTTP/1.1[0m" 200 -
INFO:werkzeug: * Running on http://127.0.0.1:5000/ (Press CTRL+C to quit)
INFO:werkzeug:127.0.0.1 - - [16/Oct/2019 12:36:55] "[37mGET / HTTP/1.1[0m" 200 -
INFO:werkzeug:127.0.0.1 - - [16/Oct/2019 12:36:58] "[37mGET /tfidf HTTP/1.1[0m" 200 -
INFO:root:for TF_IDF we GOT:
INFO:root:правительство индии
INFO:root:through TF_IDF we GAVE:
INFO:root:1. Как работает правительство индии
2. Почему правительство индии запрещает все
3. Какая разница между парламентом и правительством индии
4. Что такое 2g-мошенничество в индии?
5. Каковы преимущества решения правительства индии о вывозе 500 и 1000 рупий
6. Есть ли у правительства какая-либо схема для нищих в индии
7. Есть ли квота в индии в индии?
8. Правительство индии нуждается в реформировании системы резервирования
9. Что является основанием для введения в обращение рупии 2000 года правительством индии
10. Каковы ваши взгляды на легитимизацию 500 рупий и 1000 р. записку правительства индии
INFO:werkzeug:127.0.0.1 - - [16/Oct/2019 12:37:01] "[37mGET /tfidfresult?word=правительство+индии HTTP/1.1[0m" 200 -
INFO:werkzeug:127.0.0.1 - - [16/Oct/2019 12:37:06] "[37mGET /bm HTTP/1.1[0m" 200 -
INFO:root:for BM25 we GOT:
INFO:root:правительство индии
INFO:root:through BM25 we GAVE:
INFO:root:1. Как работает правительство индии
2. Почему правительство индии запрещает все
3. Правительство индии нуждается в реформировании системы резервирования
4. Какая разница между парламентом и правительством индии
5. Каковы характеристики тоталитарного правительства
6. Не принял одобрение правительства
7. Каковы преимущества решения правительства индии о вывозе 500 и 1000 рупий
8. Выйдет в индию
9. Почему сми против правительства modi
10. Как правительство может сократить бедность
INFO:werkzeug:127.0.0.1 - - [16/Oct/2019 12:37:11] "[37mGET /bmresult?word=правительство+индии HTTP/1.1[0m" 200 -
INFO:werkzeug:127.0.0.1 - - [16/Oct/2019 12:37:13] "[37mGET /fasttext HTTP/1.1[0m" 200 -
INFO:root:for FASTTEXT we GOT:
INFO:root:правительство индии
INFO:root:through FASTTEXT we GAVE:
INFO:root:1. Как работает правительство индии
2. Почему правительство индии запрещает все
3. Каковы преимущества решения правительства индии о вывозе 500 и 1000 рупий
4. Какая разница между парламентом и правительством индии
5. Может нарэндра modi стать премьер-министром индии в 2019 году
6. Если произойдет ядерная война между индией и пакистаном, россия поддержит индию или будет действовать как нейтральное государство
7. Это решение правительства индии запретить 500 и 1000 рупий отмечает мастер-ход или ошибочный план
8. Что, если индия и китай урегулируют свои споры и объединиться
9. Почему китай ненавидит индию
10. Почему мусульманские правители индии не инвестировали в создание университетов на субконтиненте
INFO:werkzeug:127.0.0.1 - - [16/Oct/2019 12:37:17] "[37mGET /fasttextresult?word=правительство+индии HTTP/1.1[0m" 200 -
INFO:werkzeug:127.0.0.1 - - [16/Oct/2019 12:37:19] "[37mGET /elmo HTTP/1.1[0m" 200 -
INFO:root:for ELMO we GOT:
INFO:root:правительство индии
INFO:root:through ELMO we GAVE:
INFO:root:1. Что такое государство в конституции индии
2. Каковы некоторые необычные аспекты политики и правительства в сингапуре
3. Возможно ли, чтобы правительство шарифа разрешило конфликты в кашмире
4. Которые сейчас выиграют обычную войну между ираном и пакистаном
5. Будет ли ядерная война между индией и пакистаном
6. Может нарэндра modi стать премьер-министром индии в 2019 году
7. Почему существует конфликт между индией и пакистаном на кашмире
8. Кто победит, если начнется война между индией и пакистаном
9. В настоящее время количество штатов и союзных территорий в индии
10. Которые были ответственны за крах цивилизации индии
INFO:werkzeug:127.0.0.1 - - [16/Oct/2019 12:37:42] "[37mGET /elmoresult?word=правительство+индии HTTP/1.1[0m" 200 -
INFO:werkzeug: * Running on http://127.0.0.1:5000/ (Press CTRL+C to quit)
INFO:werkzeug:127.0.0.1 - - [16/Oct/2019 12:59:26] "[37mGET / HTTP/1.1[0m" 200 -
INFO:werkzeug:127.0.0.1 - - [16/Oct/2019 12:59:29] "[37mGET /tfidf HTTP/1.1[0m" 200 -
INFO:root:for TF_IDF we GOT:
INFO:root:знамя
INFO:root:through TF_IDF we GAVE:
INFO:root:1. Что это значит работать в шахте
2. Какова тестовая схема и программа для теста mettl
3. Каковы некоторые из лучших последних текстов песен на английском языке
4. Это johnny depp a был
5. Если kevin spacey сделает новый фильм после окончания дома карт, мой мозг взорвется
6. Как я могу написать хорошее прощальное письмо другу
7. Какие юридические сайты для скачивания фильмов
8. Какой лучший автомобиль на рынке
9. Насколько дружелюбен новый рожденный опоссум
10. Моя подруга рассталась после 4-летних отношений, заявив, что хочет богатого парня и хорошей жизни после того, как мы оба попали в пакет из 3 25 lpa. у меня нет братьев и сестер, и теперь мои родители отделяются. у меня нет друзей, я просто проснулся, и мне так одиноко, что я должен делать
INFO:werkzeug:127.0.0.1 - - [16/Oct/2019 12:59:36] "[37mGET /tfidfresult?word=знамя HTTP/1.1[0m" 200 -
INFO:werkzeug:127.0.0.1 - - [16/Oct/2019 12:59:40] "[37mGET /tfidf HTTP/1.1[0m" 200 -
INFO:root:for TF_IDF we GOT:
INFO:root:шахта
INFO:root:through TF_IDF we GAVE:
INFO:root:1. Что это значит работать в шахте
2. Какова тестовая схема и программа для теста mettl
3. Каковы некоторые из лучших последних текстов песен на английском языке
4. Это johnny depp a был
5. Если kevin spacey сделает новый фильм после окончания дома карт, мой мозг взорвется
6. Как я могу написать хорошее прощальное письмо другу
7. Какие юридические сайты для скачивания фильмов
8. Какой лучший автомобиль на рынке
9. Насколько дружелюбен новый рожденный опоссум
10. Моя подруга рассталась после 4-летних отношений, заявив, что хочет богатого парня и хорошей жизни после того, как мы оба попали в пакет из 3 25 lpa. у меня нет братьев и сестер, и теперь мои родители отделяются. у меня нет друзей, я просто проснулся, и мне так одиноко, что я должен делать
INFO:werkzeug:127.0.0.1 - - [16/Oct/2019 12:59:46] "[37mGET /tfidfresult?word=шахта HTTP/1.1[0m" 200 -
INFO:werkzeug:127.0.0.1 - - [16/Oct/2019 12:59:48] "[37mGET /bm HTTP/1.1[0m" 200 -
INFO:root:for BM25 we GOT:
INFO:root:шахта
INFO:root:through BM25 we GAVE:
INFO:root:1. Что это значит работать в шахте
2. Какова тестовая схема и программа для теста mettl
3. Каковы некоторые из лучших последних текстов песен на английском языке
4. Это johnny depp a был
5. Если kevin spacey сделает новый фильм после окончания дома карт, мой мозг взорвется
6. Как я могу написать хорошее прощальное письмо другу
7. Какие юридические сайты для скачивания фильмов
8. Какой лучший автомобиль на рынке
9. Насколько дружелюбен новый рожденный опоссум
10. Моя подруга рассталась после 4-летних отношений, заявив, что хочет богатого парня и хорошей жизни после того, как мы оба попали в пакет из 3 25 lpa. у меня нет братьев и сестер, и теперь мои родители отделяются. у меня нет друзей, я просто проснулся, и мне так одиноко, что я должен делать
INFO:werkzeug:127.0.0.1 - - [16/Oct/2019 12:59:55] "[37mGET /bmresult?word=шахта HTTP/1.1[0m" 200 -
INFO:werkzeug:127.0.0.1 - - [16/Oct/2019 12:59:57] "[37mGET /fasttext HTTP/1.1[0m" 200 -
INFO:root:for FASTTEXT we GOT:
INFO:root:шахта
INFO:root:through FASTTEXT we GAVE:
INFO:root:1. Что это значит работать в шахте
2. Что делают кремниевые долины компании ceos в выходные дни
3. Бурение отверстий в каталитическом преобразователе сделает выхлопным громче
4. Что делает заявление о выплате заработной платы в силиконовой долине о технологической отрасли в районе залива
5. Как наводнение подземных подземных вод повлияет на популяцию крысы
6. Что происходит после того, как морская нефтяная платформа прекратит бурение
7. Какова основная стартовая зарплата инженера в телекоммуникационном домене в индии
8. Почему мы пишем мощность электростанции всегда в 330 или 660 мвт
9. Что делает горный инженер
10. Который является более эффективным центробежным насосом или поршневым насосом
INFO:werkzeug:127.0.0.1 - - [16/Oct/2019 13:00:04] "[37mGET /fasttextresult?word=шахта HTTP/1.1[0m" 200 -
INFO:werkzeug:127.0.0.1 - - [16/Oct/2019 13:00:06] "[37mGET /elmo HTTP/1.1[0m" 200 -
INFO:root:for ELMO we GOT:
INFO:root:моя шахта
INFO:root:through ELMO we GAVE:
INFO:root:1. Могу ли я снять свои деньги с какого-либо филиала конкретного банка, мой банк - банк барды, у меня нет карточки атташе и чековой книжки
2. Что происходит после того, как морская нефтяная платформа прекратит бурение
3. Как вы печете печенье без простой муки
4. Что я должен делать, если у меня кошка царапается под моим глазом
5. Если я вырыл огромную дыру в земле по прямой, что произойдет, когда я доберусь до противоположной стороны земли, сначала моя голова или мои ноги
6. Где я могу найти американскую базу данных семейного офиса
7. Какое твое самое большое сожаление в жизни
8. Я могу получить мой спринтерский телефон для работы на метро
9. Как я могу найти свой номер мобильного телефона
10. Как я могу сделать все мое тело более справедливым, если я - пшеничный индийский парень
INFO:werkzeug:127.0.0.1 - - [16/Oct/2019 13:00:25] "[37mGET /elmoresult?word=моя+шахта HTTP/1.1[0m" 200 -
INFO:werkzeug:127.0.0.1 - - [16/Oct/2019 13:00:35] "[37mGET / HTTP/1.1[0m" 200 -
